<?xml version="1.0" encoding="UTF-8"?>
<testsuite xmlns:xsi="http://www.w3.org/2001/XMLSchema-instance" xsi:noNamespaceSchemaLocation="https://maven.apache.org/surefire/maven-surefire-plugin/xsd/surefire-test-report-3.0.xsd" version="3.0" name="com.adactin.runner.AdactinRunner" time="54.69" tests="27" errors="0" skipped="0" failures="0">
  <properties>
[...]
</properties>
  <testcase name="Given user Lanuch The Url In Adactin Application" classname="Scenario: User Login In The Web Application" time="0.003">
    <system-out><![CDATA[Feature: Hotel Booking In Adacting Application
]]></system-out>
    <system-err><![CDATA[SLF4J: No SLF4J providers were found.
SLF4J: Defaulting to no-operation (NOP) logger implementation
SLF4J: See https://www.slf4j.org/codes.html#noProviders for further details.
Starting ChromeDriver 118.0.5993.70 (e52f33f30b91b4ddfad649acddc39ab570473b86-refs/branch-heads/5993@{#1216}) on port 26703
Only local connections are allowed.
Please see https://chromedriver.chromium.org/security-considerations for suggestions on keeping ChromeDriver safe.
ChromeDriver was started successfully.
Nov 01, 2023 1:46:06 PM org.openqa.selenium.remote.ProtocolHandshake createSession
INFO: Detected dialect: W3C
]]></system-err>
  </testcase>
  <testcase name="When user Enter The Username  In Username Field" classname="Scenario: User Login In The Web Application" time="0"/>
  <testcase name="And user Enter The Password In Password Field" classname="Scenario: User Login In The Web Application" time="0"/>
  <testcase name="Then user Click The Login Button And It Navigate To Search Hotel Page" classname="Scenario: User Login In The Web Application" time="0"/>
  <testcase name="" classname="Scenario: User Login In The Web Application" time="0.002"/>
  <testcase name="When user Choose The Location In The Location Dropdown Field" classname="Scenario: User Search Hotel In Search Web Application Page" time="0">
    <system-out><![CDATA[
  @login
  Scenario: User Login In The Web Application                             # Adactin.feature:3
    Given user Lanuch The Url In Adactin Application                      # AdactinStepdefinition.user_Lanuch_The_Url_In_Adactin_Application()
    When user Enter The Username  In Username Field                       # AdactinStepdefinition.user_Enter_The_Username_In_Username_Field()
    And user Enter The Password In Password Field                         # AdactinStepdefinition.user_Enter_The_Password_In_Password_Field()
    Then user Click The Login Button And It Navigate To Search Hotel Page # AdactinStepdefinition.user_Click_The_Login_Button_And_It_Navigate_To_Search_Hotel_Page()
]]></system-out>
  </testcase>
  <testcase name="And user Select The Hotels In The  Dropdown Field" classname="Scenario: User Search Hotel In Search Web Application Page" time="0">
    <system-out><![CDATA[false
]]></system-out>
  </testcase>
  <testcase name="And user Select The Roomtype In The Select Roomtype Dropdown Field" classname="Scenario: User Search Hotel In Search Web Application Page" time="0"/>
  <testcase name="And user Choose The Number Of Room In The Dropdown Field" classname="Scenario: User Search Hotel In Search Web Application Page" time="0"/>
  <testcase name="And user Enter Check In Date In The Dates Field" classname="Scenario: User Search Hotel In Search Web Application Page" time="0"/>
  <testcase name="And user Enter Check Out Date In The Date Field" classname="Scenario: User Search Hotel In Search Web Application Page" time="0"/>
  <testcase name="And user  Select The Adults Per Room In The Dropdown Field" classname="Scenario: User Search Hotel In Search Web Application Page" time="0"/>
  <testcase name="And user Choose The Children Per Room In The Dropdown Field" classname="Scenario: User Search Hotel In Search Web Application Page" time="0"/>
  <testcase name="Then user Click The Search Button And It Navigate To Next Page" classname="Scenario: User Search Hotel In Search Web Application Page" time="0"/>
  <testcase name="" classname="Scenario: User Search Hotel In Search Web Application Page" time="0"/>
  <testcase name="When user Choose The Select Hotel In The Below The Ratio Button" classname="Scenario: User Select Hotel In The Select Page" time="0">
    <system-out><![CDATA[
  @search_hotel
  Scenario: User Search Hotel In Search Web Application Page           # Adactin.feature:10
    When user Choose The Location In The Location Dropdown Field       # AdactinStepdefinition.user_Choose_The_Location_In_The_Location_Dropdown_Field()
    And user Select The Hotels In The  Dropdown Field                  # AdactinStepdefinition.user_Select_The_Hotels_In_The_Dropdown_Field()
    And user Select The Roomtype In The Select Roomtype Dropdown Field # AdactinStepdefinition.user_Select_The_Roomtype_In_The_Select_Roomtype_Dropdown_Field()
    And user Choose The Number Of Room In The Dropdown Field           # AdactinStepdefinition.user_Choose_The_Number_Of_Room_In_The_Dropdown_Field()
    And user Enter Check In Date In The Dates Field                    # AdactinStepdefinition.user_Enter_Check_In_Date_In_The_Dates_Field()
    And user Enter Check Out Date In The Date Field                    # AdactinStepdefinition.user_Enter_Check_Out_Date_In_The_Date_Field()
    And user  Select The Adults Per Room In The Dropdown Field         # AdactinStepdefinition.user_Select_The_Adults_Per_Room_In_The_Dropdown_Field()
    And user Choose The Children Per Room In The Dropdown Field        # AdactinStepdefinition.user_Choose_The_Children_Per_Room_In_The_Dropdown_Field()
    Then user Click The Search Button And It Navigate To Next Page     # AdactinStepdefinition.user_Click_The_Search_Button_And_It_Navigate_To_Next_Page()
]]></system-out>
  </testcase>
  <testcase name="Then user Click The Continue Button And It Navigate To Next Page" classname="Scenario: User Select Hotel In The Select Page" time="0"/>
  <testcase name="" classname="Scenario: User Select Hotel In The Select Page" time="0"/>
  <testcase name="When user Enter The First Name In The First Name Field" classname="Scenario: User Book The Hotel In The Book A Hotel Page" time="0">
    <system-out><![CDATA[
  @selecthotel
  Scenario: User Select Hotel In The Select Page                     # Adactin.feature:22
    When user Choose The Select Hotel In The Below The Ratio Button  # AdactinStepdefinition.user_Choose_The_Select_Hotel_In_The_Below_The_Ratio_Button()
    Then user Click The Continue Button And It Navigate To Next Page # AdactinStepdefinition.user_Click_The_Continue_Button_And_It_Navigate_To_Next_Page()
]]></system-out>
  </testcase>
  <testcase name="And user Enter The Last Name In The Last Name Field" classname="Scenario: User Book The Hotel In The Book A Hotel Page" time="0"/>
  <testcase name="And user Enter The Billing Address In The Address Field" classname="Scenario: User Book The Hotel In The Book A Hotel Page" time="0"/>
  <testcase name="And user Enter The Credit Card No In The Credit Card Field" classname="Scenario: User Book The Hotel In The Book A Hotel Page" time="0"/>
  <testcase name="And user Choose The Credit Card Type In The Below   The Dropdown Field" classname="Scenario: User Book The Hotel In The Book A Hotel Page" time="0"/>
  <testcase name="And user Choose The Month And Year In The Below The Dropdown Field" classname="Scenario: User Book The Hotel In The Book A Hotel Page" time="0">
    <system-out><![CDATA[false
]]></system-out>
  </testcase>
  <testcase name="And user Enter The CVV Number In The Cvv Number Field" classname="Scenario: User Book The Hotel In The Book A Hotel Page" time="0"/>
  <testcase name="Then Click The Book Now Button And It Navigate To Next Page" classname="Scenario: User Book The Hotel In The Book A Hotel Page" time="0"/>
  <testcase name="" classname="Scenario: User Book The Hotel In The Book A Hotel Page" time="0"/>
</testsuite>